{
  "RSpec": {
    "coverage": {
      "/home/wish/rails_projects/shmitter/app/helpers/application_helper.rb": [
        1,
        null,
        1,
        166,
        166,
        20,
        null,
        146,
        null,
        null,
        null
      ],
      "/home/wish/rails_projects/shmitter/app/helpers/sessions_helper.rb": [
        1,
        null,
        1,
        37,
        37,
        37,
        37,
        null,
        null,
        1,
        38,
        null,
        null,
        1,
        42,
        null,
        null,
        1,
        41,
        6,
        6,
        6,
        null,
        null,
        null,
        1,
        559,
        559,
        null,
        null,
        1,
        226,
        null,
        null,
        1,
        1,
        1,
        1,
        null,
        null,
        1,
        33,
        33,
        null,
        null,
        1,
        6,
        null,
        null
      ],
      "/home/wish/rails_projects/shmitter/app/helpers/static_pages_helper.rb": [
        1,
        null
      ],
      "/home/wish/rails_projects/shmitter/app/helpers/users_helper.rb": [
        1,
        null,
        1,
        143,
        143,
        143,
        143,
        null,
        null
      ],
      "/home/wish/rails_projects/shmitter/app/controllers/sessions_controller.rb": [
        1,
        1,
        null,
        null,
        1,
        36,
        36,
        33,
        33,
        null,
        3,
        3,
        null,
        null,
        null,
        1,
        1,
        1,
        null,
        null
      ],
      "/home/wish/rails_projects/shmitter/app/controllers/application_controller.rb": [
        1,
        null,
        null,
        1,
        1,
        null
      ],
      "/home/wish/rails_projects/shmitter/app/controllers/users_controller.rb": [
        1,
        null,
        1,
        1,
        1,
        null,
        1,
        12,
        null,
        null,
        1,
        null,
        null,
        null,
        1,
        null,
        6,
        5,
        5,
        null,
        1,
        null,
        null,
        null,
        1,
        1,
        1,
        1,
        null,
        null,
        1,
        5,
        5,
        4,
        4,
        4,
        null,
        1,
        null,
        null,
        null,
        1,
        7,
        null,
        null,
        1,
        46,
        46,
        null,
        null,
        1,
        null,
        1,
        11,
        null,
        null,
        null,
        null,
        null,
        null,
        null,
        1,
        2,
        null,
        null,
        1,
        19,
        19,
        null,
        null,
        null
      ],
      "/home/wish/rails_projects/shmitter/app/models/micropost.rb": [
        1,
        1,
        307,
        1,
        1,
        null
      ],
      "/home/wish/rails_projects/shmitter/app/models/user.rb": [
        1,
        null,
        1,
        153,
        1,
        null,
        1,
        null,
        1,
        null,
        1,
        null,
        null,
        null,
        1,
        null,
        null,
        null,
        null,
        1,
        null,
        1,
        146,
        null,
        null,
        1,
        705,
        null,
        null,
        1,
        null,
        11,
        null,
        null,
        null,
        1,
        null,
        1,
        104,
        null,
        null
      ],
      "/home/wish/rails_projects/shmitter/app/controllers/static_pages_controller.rb": [
        1,
        1,
        15,
        7,
        7,
        null,
        null,
        null,
        1,
        null,
        null,
        1,
        null,
        null,
        1,
        null,
        null
      ],
      "/home/wish/rails_projects/shmitter/app/controllers/microposts_controller.rb": [
        1,
        1,
        1,
        null,
        1,
        3,
        3,
        1,
        1,
        null,
        2,
        2,
        null,
        null,
        null,
        1,
        1,
        1,
        null,
        null,
        1,
        null,
        1,
        3,
        null,
        null,
        1,
        1,
        1,
        null,
        null,
        null
      ]
    },
    "timestamp": 1410982346
  }
}
