{
  "RSpec": {
    "coverage": {
      "/home/wish/rails_projects/shmitter/app/helpers/application_helper.rb": [
        1,
        null,
        1,
        232,
        232,
        28,
        null,
        204,
        null,
        null,
        null
      ],
      "/home/wish/rails_projects/shmitter/app/helpers/sessions_helper.rb": [
        1,
        null,
        1,
        52,
        52,
        52,
        52,
        null,
        null,
        1,
        53,
        null,
        null,
        1,
        150,
        null,
        null,
        1,
        63,
        10,
        10,
        10,
        null,
        null,
        null,
        1,
        1013,
        1013,
        null,
        null,
        1,
        407,
        null,
        null,
        1,
        1,
        1,
        1,
        null,
        null,
        1,
        48,
        48,
        null,
        null,
        1,
        10,
        null,
        null
      ],
      "/home/wish/rails_projects/shmitter/app/helpers/static_pages_helper.rb": [
        1,
        null
      ],
      "/home/wish/rails_projects/shmitter/app/helpers/users_helper.rb": [
        1,
        null,
        1,
        209,
        209,
        209,
        209,
        null,
        null
      ],
      "/home/wish/rails_projects/shmitter/app/controllers/relationships_controller.rb": [
        1,
        1,
        null,
        1,
        5,
        5,
        5,
        8,
        5,
        null,
        null,
        null,
        1,
        5,
        5,
        5,
        8,
        5,
        null,
        null,
        null
      ],
      "/home/wish/rails_projects/shmitter/app/controllers/application_controller.rb": [
        1,
        null,
        null,
        1,
        1,
        null
      ],
      "/home/wish/rails_projects/shmitter/app/controllers/sessions_controller.rb": [
        1,
        1,
        null,
        null,
        1,
        51,
        51,
        48,
        48,
        null,
        3,
        3,
        null,
        null,
        null,
        1,
        1,
        1,
        null,
        null
      ],
      "/home/wish/rails_projects/shmitter/app/controllers/users_controller.rb": [
        1,
        null,
        1,
        1,
        1,
        null,
        1,
        12,
        null,
        null,
        1,
        null,
        null,
        null,
        1,
        null,
        6,
        5,
        5,
        null,
        1,
        null,
        null,
        null,
        1,
        1,
        1,
        1,
        null,
        null,
        1,
        5,
        5,
        4,
        4,
        4,
        null,
        1,
        null,
        null,
        null,
        1,
        7,
        null,
        null,
        1,
        79,
        79,
        null,
        null,
        1,
        3,
        3,
        3,
        3,
        null,
        null,
        1,
        3,
        3,
        3,
        3,
        null,
        null,
        1,
        null,
        1,
        11,
        null,
        null,
        null,
        null,
        null,
        null,
        null,
        1,
        2,
        null,
        null,
        1,
        19,
        19,
        null,
        null,
        null
      ],
      "/home/wish/rails_projects/shmitter/app/models/micropost.rb": [
        1,
        1,
        542,
        1,
        1,
        null,
        1,
        18,
        18,
        null,
        null
      ],
      "/home/wish/rails_projects/shmitter/app/models/relationship.rb": [
        1,
        1,
        1,
        1,
        1,
        null
      ],
      "/home/wish/rails_projects/shmitter/app/models/user.rb": [
        1,
        null,
        1,
        null,
        1,
        1,
        null,
        1,
        null,
        1,
        null,
        240,
        1,
        null,
        1,
        null,
        1,
        null,
        1,
        null,
        null,
        null,
        1,
        null,
        null,
        null,
        null,
        1,
        null,
        1,
        233,
        null,
        null,
        1,
        1246,
        null,
        null,
        1,
        18,
        null,
        null,
        1,
        14,
        null,
        null,
        1,
        27,
        null,
        null,
        1,
        7,
        null,
        null,
        null,
        1,
        null,
        1,
        172,
        null,
        null
      ],
      "/home/wish/rails_projects/shmitter/app/controllers/static_pages_controller.rb": [
        1,
        1,
        23,
        12,
        12,
        null,
        null,
        null,
        1,
        null,
        null,
        1,
        null,
        null,
        1,
        null,
        null
      ],
      "/home/wish/rails_projects/shmitter/app/controllers/microposts_controller.rb": [
        1,
        1,
        1,
        null,
        1,
        3,
        3,
        1,
        1,
        null,
        2,
        2,
        null,
        null,
        null,
        1,
        1,
        1,
        null,
        null,
        1,
        null,
        1,
        3,
        null,
        null,
        1,
        1,
        1,
        null,
        null,
        null
      ]
    },
    "timestamp": 1411126887
  }
}
